Running on host compute243.bc4.acrc.priv
Time is Fri Mar 1 04:10:48 GMT 2024
Directory is /user/home/sq21386/advanced-hpc-lbm/parallel-perf
Slurm job ID is 12380376
This job runs on the following machines:
compute243
vvvvvvvvvvvv 128x128 vvvvvvvvvvvv
Threads: 1
==done==
Reynolds number:		9.757459640503E+00
Elapsed Init time:			0.002872 (s)
Elapsed Compute time:			39.028532 (s)
Elapsed Collate time:			0.000000 (s)
Elapsed Total time:			39.031404 (s)
Threads: 2
==done==
Reynolds number:		9.757459640503E+00
Elapsed Init time:			0.002644 (s)
Elapsed Compute time:			20.013386 (s)
Elapsed Collate time:			0.000000 (s)
Elapsed Total time:			20.016030 (s)
Threads: 3
==done==
Reynolds number:		9.757459640503E+00
Elapsed Init time:			0.002617 (s)
Elapsed Compute time:			13.461281 (s)
Elapsed Collate time:			0.000000 (s)
Elapsed Total time:			13.463898 (s)
Threads: 4
==done==
Reynolds number:		9.757459640503E+00
Elapsed Init time:			0.002569 (s)
Elapsed Compute time:			10.241439 (s)
Elapsed Collate time:			0.000000 (s)
Elapsed Total time:			10.244008 (s)
Threads: 5
==done==
Reynolds number:		9.757459640503E+00
Elapsed Init time:			0.002982 (s)
Elapsed Compute time:			8.411453 (s)
Elapsed Collate time:			0.000000 (s)
Elapsed Total time:			8.414435 (s)
Threads: 6
==done==
Reynolds number:		9.757459640503E+00
Elapsed Init time:			0.003001 (s)
Elapsed Compute time:			6.975566 (s)
Elapsed Collate time:			0.000000 (s)
Elapsed Total time:			6.978567 (s)
Threads: 7
==done==
Reynolds number:		9.757459640503E+00
Elapsed Init time:			0.002591 (s)
Elapsed Compute time:			5.969131 (s)
Elapsed Collate time:			0.000000 (s)
Elapsed Total time:			5.971722 (s)
Threads: 8
==done==
Reynolds number:		9.757459640503E+00
Elapsed Init time:			0.002723 (s)
Elapsed Compute time:			5.296088 (s)
Elapsed Collate time:			0.000000 (s)
Elapsed Total time:			5.298811 (s)
Threads: 9
==done==
Reynolds number:		9.757459640503E+00
Elapsed Init time:			0.003216 (s)
Elapsed Compute time:			4.771354 (s)
Elapsed Collate time:			0.000000 (s)
Elapsed Total time:			4.774570 (s)
Threads: 10
==done==
Reynolds number:		9.757459640503E+00
Elapsed Init time:			0.003263 (s)
Elapsed Compute time:			4.317674 (s)
Elapsed Collate time:			0.000000 (s)
Elapsed Total time:			4.320937 (s)
Threads: 11
==done==
Reynolds number:		9.757459640503E+00
Elapsed Init time:			0.002784 (s)
Elapsed Compute time:			3.967862 (s)
Elapsed Collate time:			0.000000 (s)
Elapsed Total time:			3.970646 (s)
Threads: 12
==done==
Reynolds number:		9.757459640503E+00
Elapsed Init time:			0.002824 (s)
Elapsed Compute time:			3.642063 (s)
Elapsed Collate time:			0.000000 (s)
Elapsed Total time:			3.644887 (s)
Threads: 13
==done==
Reynolds number:		9.757459640503E+00
Elapsed Init time:			0.003236 (s)
Elapsed Compute time:			3.427648 (s)
Elapsed Collate time:			0.000000 (s)
Elapsed Total time:			3.430884 (s)
Threads: 14
==done==
Reynolds number:		9.757459640503E+00
Elapsed Init time:			0.003531 (s)
Elapsed Compute time:			3.174948 (s)
Elapsed Collate time:			0.000000 (s)
Elapsed Total time:			3.178479 (s)
Threads: 15
==done==
Reynolds number:		9.757459640503E+00
Elapsed Init time:			0.003327 (s)
Elapsed Compute time:			3.022532 (s)
Elapsed Collate time:			0.000000 (s)
Elapsed Total time:			3.025859 (s)
Threads: 16
==done==
Reynolds number:		9.757459640503E+00
Elapsed Init time:			0.003382 (s)
Elapsed Compute time:			2.830819 (s)
Elapsed Collate time:			0.000001 (s)
Elapsed Total time:			2.834202 (s)
Threads: 17
==done==
Reynolds number:		9.757459640503E+00
Elapsed Init time:			0.003970 (s)
Elapsed Compute time:			2.724811 (s)
Elapsed Collate time:			0.000000 (s)
Elapsed Total time:			2.728781 (s)
Threads: 18
==done==
Reynolds number:		9.757459640503E+00
Elapsed Init time:			0.003754 (s)
Elapsed Compute time:			2.609103 (s)
Elapsed Collate time:			0.000000 (s)
Elapsed Total time:			2.612857 (s)
Threads: 19
==done==
Reynolds number:		9.757459640503E+00
Elapsed Init time:			0.003715 (s)
Elapsed Compute time:			2.461305 (s)
Elapsed Collate time:			0.000000 (s)
Elapsed Total time:			2.465020 (s)
Threads: 20
==done==
Reynolds number:		9.757459640503E+00
Elapsed Init time:			0.003683 (s)
Elapsed Compute time:			2.373899 (s)
Elapsed Collate time:			0.000000 (s)
Elapsed Total time:			2.377582 (s)
Threads: 21
==done==
Reynolds number:		9.757459640503E+00
Elapsed Init time:			0.003850 (s)
Elapsed Compute time:			2.291071 (s)
Elapsed Collate time:			0.000000 (s)
Elapsed Total time:			2.294921 (s)
Threads: 22
==done==
Reynolds number:		9.757459640503E+00
Elapsed Init time:			0.004360 (s)
Elapsed Compute time:			2.186684 (s)
Elapsed Collate time:			0.000000 (s)
Elapsed Total time:			2.191044 (s)
Threads: 23
==done==
Reynolds number:		9.757459640503E+00
Elapsed Init time:			0.004036 (s)
Elapsed Compute time:			2.118179 (s)
Elapsed Collate time:			0.000000 (s)
Elapsed Total time:			2.122215 (s)
Threads: 24
==done==
Reynolds number:		9.757459640503E+00
Elapsed Init time:			0.004617 (s)
Elapsed Compute time:			2.036771 (s)
Elapsed Collate time:			0.000000 (s)
Elapsed Total time:			2.041388 (s)
Threads: 25
==done==
Reynolds number:		9.757459640503E+00
Elapsed Init time:			0.004253 (s)
Elapsed Compute time:			2.000390 (s)
Elapsed Collate time:			0.000000 (s)
Elapsed Total time:			2.004643 (s)
Threads: 26
==done==
Reynolds number:		9.757459640503E+00
Elapsed Init time:			0.004196 (s)
Elapsed Compute time:			1.909941 (s)
Elapsed Collate time:			0.000000 (s)
Elapsed Total time:			1.914137 (s)
Threads: 27
==done==
Reynolds number:		9.757459640503E+00
Elapsed Init time:			0.004344 (s)
Elapsed Compute time:			1.880622 (s)
Elapsed Collate time:			0.000000 (s)
Elapsed Total time:			1.884966 (s)
Threads: 28
==done==
Reynolds number:		9.757459640503E+00
Elapsed Init time:			0.004489 (s)
Elapsed Compute time:			1.826497 (s)
Elapsed Collate time:			0.000000 (s)
Elapsed Total time:			1.830986 (s)
vvvvvvvvvvvv 256x256 vvvvvvvvvvvv
Threads: 1
==done==
Reynolds number:		1.006794357300E+01
Elapsed Init time:			0.005636 (s)
Elapsed Compute time:			551.934954 (s)
Elapsed Collate time:			0.000000 (s)
Elapsed Total time:			551.940590 (s)
Threads: 2
==done==
Reynolds number:		1.006794357300E+01
Elapsed Init time:			0.004427 (s)
Elapsed Compute time:			238.215096 (s)
Elapsed Collate time:			0.000000 (s)
Elapsed Total time:			238.219523 (s)
Threads: 3
==done==
Reynolds number:		1.006794357300E+01
Elapsed Init time:			0.003905 (s)
Elapsed Compute time:			156.850246 (s)
Elapsed Collate time:			0.000000 (s)
Elapsed Total time:			156.854151 (s)
Threads: 4
==done==
Reynolds number:		1.006794357300E+01
Elapsed Init time:			0.003806 (s)
Elapsed Compute time:			118.598829 (s)
Elapsed Collate time:			0.000000 (s)
Elapsed Total time:			118.602635 (s)
Threads: 5
==done==
Reynolds number:		1.006794357300E+01
Elapsed Init time:			0.003567 (s)
Elapsed Compute time:			96.418608 (s)
Elapsed Collate time:			0.000000 (s)
Elapsed Total time:			96.422175 (s)
Threads: 6
==done==
Reynolds number:		1.006794357300E+01
Elapsed Init time:			0.003470 (s)
Elapsed Compute time:			80.009716 (s)
Elapsed Collate time:			0.000001 (s)
Elapsed Total time:			80.013187 (s)
Threads: 7
==done==
Reynolds number:		1.006794357300E+01
Elapsed Init time:			0.003583 (s)
Elapsed Compute time:			69.342232 (s)
Elapsed Collate time:			0.000000 (s)
Elapsed Total time:			69.345815 (s)
Threads: 8
==done==
Reynolds number:		1.006794357300E+01
Elapsed Init time:			0.003511 (s)
Elapsed Compute time:			69.637922 (s)
Elapsed Collate time:			0.000000 (s)
Elapsed Total time:			69.641433 (s)
Threads: 9
==done==
Reynolds number:		1.006794357300E+01
Elapsed Init time:			0.003401 (s)
Elapsed Compute time:			53.799332 (s)
Elapsed Collate time:			0.000000 (s)
Elapsed Total time:			53.802733 (s)
Threads: 10
==done==
Reynolds number:		1.006794357300E+01
Elapsed Init time:			0.003826 (s)
Elapsed Compute time:			49.107519 (s)
Elapsed Collate time:			0.000000 (s)
Elapsed Total time:			49.111345 (s)
Threads: 11
==done==
Reynolds number:		1.006794357300E+01
Elapsed Init time:			0.003547 (s)
Elapsed Compute time:			45.117716 (s)
Elapsed Collate time:			0.000000 (s)
Elapsed Total time:			45.121263 (s)
Threads: 12
==done==
Reynolds number:		1.006794357300E+01
Elapsed Init time:			0.003891 (s)
Elapsed Compute time:			41.407758 (s)
Elapsed Collate time:			0.000000 (s)
Elapsed Total time:			41.411649 (s)
Threads: 13
==done==
Reynolds number:		1.006794357300E+01
Elapsed Init time:			0.003866 (s)
Elapsed Compute time:			39.621537 (s)
Elapsed Collate time:			0.000000 (s)
Elapsed Total time:			39.625403 (s)
Threads: 14
==done==
Reynolds number:		1.006794357300E+01
Elapsed Init time:			0.004031 (s)
Elapsed Compute time:			35.259941 (s)
Elapsed Collate time:			0.000000 (s)
Elapsed Total time:			35.263972 (s)
Threads: 15
==done==
Reynolds number:		1.006794357300E+01
Elapsed Init time:			0.003630 (s)
Elapsed Compute time:			34.083709 (s)
Elapsed Collate time:			0.000000 (s)
Elapsed Total time:			34.087339 (s)
Threads: 16
==done==
Reynolds number:		1.006794357300E+01
Elapsed Init time:			0.003918 (s)
Elapsed Compute time:			33.864258 (s)
Elapsed Collate time:			0.000000 (s)
Elapsed Total time:			33.868176 (s)
Threads: 17
==done==
Reynolds number:		1.006794357300E+01
Elapsed Init time:			0.003959 (s)
Elapsed Compute time:			30.525682 (s)
Elapsed Collate time:			0.000000 (s)
Elapsed Total time:			30.529641 (s)
Threads: 18
==done==
Reynolds number:		1.006794357300E+01
Elapsed Init time:			0.004275 (s)
Elapsed Compute time:			28.044736 (s)
Elapsed Collate time:			0.000000 (s)
Elapsed Total time:			28.049011 (s)
Threads: 19
==done==
Reynolds number:		1.006794357300E+01
Elapsed Init time:			0.004337 (s)
Elapsed Compute time:			27.054009 (s)
Elapsed Collate time:			0.000000 (s)
Elapsed Total time:			27.058346 (s)
Threads: 20
==done==
Reynolds number:		1.006794357300E+01
Elapsed Init time:			0.004350 (s)
Elapsed Compute time:			25.659833 (s)
Elapsed Collate time:			0.000000 (s)
Elapsed Total time:			25.664183 (s)
Threads: 21
==done==
Reynolds number:		1.006794357300E+01
Elapsed Init time:			0.004259 (s)
Elapsed Compute time:			24.939963 (s)
Elapsed Collate time:			0.000000 (s)
Elapsed Total time:			24.944222 (s)
Threads: 22
==done==
Reynolds number:		1.006794357300E+01
Elapsed Init time:			0.004326 (s)
Elapsed Compute time:			24.153335 (s)
Elapsed Collate time:			0.000000 (s)
Elapsed Total time:			24.157661 (s)
Threads: 23
==done==
Reynolds number:		1.006794357300E+01
Elapsed Init time:			0.004645 (s)
Elapsed Compute time:			23.420664 (s)
Elapsed Collate time:			0.000001 (s)
Elapsed Total time:			23.425310 (s)
Threads: 24
==done==
Reynolds number:		1.006794357300E+01
Elapsed Init time:			0.004550 (s)
Elapsed Compute time:			22.424833 (s)
Elapsed Collate time:			0.000001 (s)
Elapsed Total time:			22.429384 (s)
Threads: 25
==done==
Reynolds number:		1.006794357300E+01
Elapsed Init time:			0.004787 (s)
Elapsed Compute time:			21.155583 (s)
Elapsed Collate time:			0.000000 (s)
Elapsed Total time:			21.160370 (s)
Threads: 26
==done==
Reynolds number:		1.006794357300E+01
Elapsed Init time:			0.004930 (s)
Elapsed Compute time:			20.502788 (s)
Elapsed Collate time:			0.000001 (s)
Elapsed Total time:			20.507719 (s)
Threads: 27
==done==
Reynolds number:		1.006794357300E+01
Elapsed Init time:			0.004698 (s)
Elapsed Compute time:			20.017246 (s)
Elapsed Collate time:			0.000000 (s)
Elapsed Total time:			20.021944 (s)
Threads: 28
==done==
Reynolds number:		1.006794357300E+01
Elapsed Init time:			0.004816 (s)
Elapsed Compute time:			21.255088 (s)
Elapsed Collate time:			0.000000 (s)
Elapsed Total time:			21.259904 (s)
vvvvvvvvvvvv 1024x1024 vvvvvvvvvvvv
Threads: 1
slurmstepd: error: *** JOB 12380376 ON compute243 CANCELLED AT 2024-03-01T05:11:11 DUE TO TIME LIMIT ***
