Running on host compute243.bc4.acrc.priv
Time is Fri Mar 1 03:53:28 GMT 2024
Directory is /user/home/sq21386/advanced-hpc-lbm/parallel-perf
Slurm job ID is 12380362
This job runs on the following machines:
compute243
vvvvvvvvvvvv 128x128 vvvvvvvvvvvv
Threads: 2
==done==
Reynolds number:		9.757459640503E+00
Elapsed Init time:			0.004095 (s)
Elapsed Compute time:			20.014978 (s)
Elapsed Collate time:			0.000000 (s)
Elapsed Total time:			20.019073 (s)
Threads: 4
==done==
Reynolds number:		9.757459640503E+00
Elapsed Init time:			0.002627 (s)
Elapsed Compute time:			10.271844 (s)
Elapsed Collate time:			0.000000 (s)
Elapsed Total time:			10.274471 (s)
Threads: 6
==done==
Reynolds number:		9.757459640503E+00
Elapsed Init time:			0.002537 (s)
Elapsed Compute time:			6.948128 (s)
Elapsed Collate time:			0.000000 (s)
Elapsed Total time:			6.950665 (s)
Threads: 8
==done==
Reynolds number:		9.757459640503E+00
Elapsed Init time:			0.003142 (s)
Elapsed Compute time:			5.279934 (s)
Elapsed Collate time:			0.000000 (s)
Elapsed Total time:			5.283076 (s)
Threads: 10
==done==
Reynolds number:		9.757459640503E+00
Elapsed Init time:			0.003161 (s)
Elapsed Compute time:			4.304451 (s)
Elapsed Collate time:			0.000000 (s)
Elapsed Total time:			4.307612 (s)
Threads: 12
==done==
Reynolds number:		9.757459640503E+00
Elapsed Init time:			0.002766 (s)
Elapsed Compute time:			3.638215 (s)
Elapsed Collate time:			0.000000 (s)
Elapsed Total time:			3.640981 (s)
Threads: 14
==done==
Reynolds number:		9.757459640503E+00
Elapsed Init time:			0.003464 (s)
Elapsed Compute time:			3.167258 (s)
Elapsed Collate time:			0.000000 (s)
Elapsed Total time:			3.170722 (s)
Threads: 16
==done==
Reynolds number:		9.757459640503E+00
Elapsed Init time:			0.003564 (s)
Elapsed Compute time:			2.822291 (s)
Elapsed Collate time:			0.000000 (s)
Elapsed Total time:			2.825855 (s)
Threads: 18
==done==
Reynolds number:		9.757459640503E+00
Elapsed Init time:			0.003175 (s)
Elapsed Compute time:			2.601880 (s)
Elapsed Collate time:			0.000000 (s)
Elapsed Total time:			2.605055 (s)
Threads: 20
==done==
Reynolds number:		9.757459640503E+00
Elapsed Init time:			0.003678 (s)
Elapsed Compute time:			2.382666 (s)
Elapsed Collate time:			0.000000 (s)
Elapsed Total time:			2.386344 (s)
Threads: 22
==done==
Reynolds number:		9.757459640503E+00
Elapsed Init time:			0.003687 (s)
Elapsed Compute time:			2.198147 (s)
Elapsed Collate time:			0.000000 (s)
Elapsed Total time:			2.201834 (s)
Threads: 24
==done==
Reynolds number:		9.757459640503E+00
Elapsed Init time:			0.004351 (s)
Elapsed Compute time:			2.045490 (s)
Elapsed Collate time:			0.000000 (s)
Elapsed Total time:			2.049841 (s)
Threads: 26
==done==
Reynolds number:		9.757459640503E+00
Elapsed Init time:			0.004326 (s)
Elapsed Compute time:			1.907439 (s)
Elapsed Collate time:			0.000000 (s)
Elapsed Total time:			1.911765 (s)
Threads: 28
==done==
Reynolds number:		9.757459640503E+00
Elapsed Init time:			0.004345 (s)
Elapsed Compute time:			1.817944 (s)
Elapsed Collate time:			0.000000 (s)
Elapsed Total time:			1.822289 (s)
vvvvvvvvvvvv 256x256 vvvvvvvvvvvv
Threads: 2
